C:\Program Files (x86)\MSBuild\Microsoft.Cpp\v4.0\V140\Microsoft.CppBuild.targets(368,5): warning MSB8004: Output Directory does not end with a trailing slash.  This build instance will add the slash as it is required to allow proper evaluation of the Output Directory.
  World.cpp
c:\users\bso11\desktop\myclient\mygame\codes\world.cpp(122): warning C4244: '초기화 중': 'FLOAT'에서 '_int'(으)로 변환하면서 데이터가 손실될 수 있습니다.
c:\users\bso11\desktop\myclient\mygame\codes\world.cpp(123): warning C4244: '초기화 중': 'FLOAT'에서 '_int'(으)로 변환하면서 데이터가 손실될 수 있습니다.
c:\users\bso11\desktop\myclient\mygame\codes\world.cpp(203): warning C4244: '초기화 중': 'float'에서 '_int'(으)로 변환하면서 데이터가 손실될 수 있습니다.
c:\users\bso11\desktop\myclient\mygame\codes\world.cpp(204): warning C4244: '초기화 중': 'float'에서 '_int'(으)로 변환하면서 데이터가 손실될 수 있습니다.
  코드를 생성하고 있습니다...
  건너뛰고 있습니다... (관련된 변경 내용 없음)
  Renderer.cpp
  Warrior.cpp
  TilePalette.cpp
  Terrain.cpp
  StageUIMgr.cpp
  Stage.cpp
  Scroll.cpp
  Scene.cpp
  Rat.cpp
  ObjMgr.cpp
  MyButton.cpp
  Monster.cpp
  Menu.cpp
  Layer.cpp
  Item.cpp
  Image.cpp
  Hero.cpp
  GameObject.cpp
  Editor.cpp
  Door.cpp
  CollisionMgr.cpp
  Character.cpp
  Buff.cpp
  MyGame.vcxproj -> C:\Users\bso11\Desktop\myClient\MyGame\Default\..\Bin\MyGame.exe
  MyGame.vcxproj -> ..\Bin\MyGame.pdb (Full PDB)
